<?xml version="1.0" encoding="UTF-8"?>
<testng-results ignored="0" total="1" passed="1" failed="0" skipped="0">
  <reporter-output>
  </reporter-output>
  <suite started-at="2024-03-14T11:07:08 IST" name="Default suite" finished-at="2024-03-14T11:07:22 IST" duration-ms="14007">
    <groups>
    </groups>
    <test started-at="2024-03-14T11:07:08 IST" name="Default test" finished-at="2024-03-14T11:07:22 IST" duration-ms="14007">
      <class name="Testng.Trivagodatepick">
        <test-method is-config="true" signature="setup()[pri:0, instance:Testng.Trivagodatepick@1ed6388a]" started-at="2024-03-14T11:07:08 IST" name="setup" finished-at="2024-03-14T11:07:19 IST" duration-ms="11017" status="PASS">
          <reporter-output>
          </reporter-output>
        </test-method> <!-- setup -->
        <test-method signature="dateselect()[pri:0, instance:Testng.Trivagodatepick@1ed6388a]" started-at="2024-03-14T11:07:19 IST" name="dateselect" finished-at="2024-03-14T11:07:22 IST" duration-ms="2932" status="PASS">
          <reporter-output>
          </reporter-output>
        </test-method> <!-- dateselect -->
      </class> <!-- Testng.Trivagodatepick -->
    </test> <!-- Default test -->
  </suite> <!-- Default suite -->
</testng-results>
